* using log directory ‘/Users/bob/Desktop/r/Rforecastio/..Rcheck’
* using R version 3.1.0 (2014-04-10)
* using platform: x86_64-apple-darwin13.1.0 (64-bit)
* using session charset: UTF-8
* checking for file ‘./DESCRIPTION’ ... OK
* checking extension type ... Package
* this is package ‘Rforecastio’ version ‘1.2.0’
* checking package namespace information ... OK
* checking package dependencies ... OK
* checking if this is a source package ... OK
* checking if there is a namespace ... OK
* checking for executable files ... WARNING
Found the following executable files:
  .git/objects/01/3d9ec09a04382200af9165394eddee2252bc98
  .git/objects/01/6083fc5982899813b5297d2ac23c9c6cfe120e
  .git/objects/03/b04e3a31fe9aa0b42594139307678c4a42aa1c
  .git/objects/05/3881f15fc2b6c5be68379a677addf08f94d1ef
  .git/objects/05/489ee5c44c331678410aea043b7a2bafff3105
  .git/objects/07/7d861b9fd02dcaafb412ee62a1767cac9546a6
  .git/objects/08/716c00605af8e2305647fb7d72d2fb8a004e28
  .git/objects/0c/27bca44df0655a001197ea46d4d5f2c36e28ca
  .git/objects/0d/b1c422895469a57585ab3c073f6018f047ef47
  .git/objects/0e/a7eaa2ee3572e0cb84903c775de2a0cce71a8f
  .git/objects/0f/38187372de3dc5ba0dbc3e92a26c63707e6d5e
  .git/objects/10/5ed923de9016c8c21a7184fa27e1ab5f53d137
  .git/objects/11/910a1f550d0e0d7c7abe48c4a2e389d39a537e
  .git/objects/11/deaa101c1cd70da4f148766d504f488182699d
  .git/objects/16/77f3f7022bbeab2c6037dba3ee82f4d038fd32
  .git/objects/17/9f9ec3c1f07278e277844c2900840a70338d0d
  .git/objects/1b/33d833952f0ee80c3fce0aec7a92eef4cc3d38
  .git/objects/21/581209b72091d039ecacd1d3f533b58455c410
  .git/objects/26/6077402b26e397db0dadd3ea7694edabb5acf2
  .git/objects/26/96696e32c7a965948a65c940a2b55242a9d894
  .git/objects/27/0314b87d171300f76501b32e8a0354926d9c84
  .git/objects/28/434c094d52d11961f53e672b5255d51b0196a9
  .git/objects/2a/0416687ad5eacb9d0b330f0f11551ab0b2e025
  .git/objects/2b/7ee17f1111cdb47bf8d7efec485d6ef2c158a1
  .git/objects/33/531c7eaf09ecddaae4638efec2de7491c0214b
  .git/objects/38/6f22121ac9a8ca6621a03375fd94f5dddcc81d
  .git/objects/38/a590f1d9558ce004c9cb0c7ff2702ee27619fe
  .git/objects/38/b70cf83e7aaa060cd8f1fa1ce0517f09b9b1a0
  .git/objects/38/fec70ef30fbf90e324771fd6b6e2c22ff69014
  .git/objects/3a/78458b93c699ca48ff75962b96038c02476df8
  .git/objects/3a/cbd44a05e0797698b5e5ed6feb18219aeb1f79
  .git/objects/3d/cd974640fed7b22738199621d51292e2ace2e0
  .git/objects/3f/91684392d2c3b4493f963f3e4b6101d734ef75
  .git/objects/40/949bce4a39a5186fb487a79ee53bdb74bd2179
  .git/objects/43/08e79b7e1ce19972e2629d4e025b36a82288ac
  .git/objects/44/844eb61db7cb728dd6c95b4a477a9916e26fea
  .git/objects/46/1f52cde642d7b30589c700b8f87c3e0b8c73fd
  .git/objects/46/632382e609b951c4d95f77b1203bb169010a5a
  .git/objects/46/c61fc048498792c2abf7efcc20d58e896a6a7c
  .git/objects/4d/2697a6d2d462cdc0e492ca984b90a680ec439f
  .git/objects/4d/ddac24273fbabeb53f3d8a8955a784c4fd4b13
  .git/objects/4e/839f7526b7cc0e69d894a0eae2fce8137a34f1
  .git/objects/4e/cb942a398233212ede56682828795693f6361b
  .git/objects/4f/8c265f05237c45dcc71047134149830f315aff
  .git/objects/51/c71785dc3bb263316d86676e9854b982076d26
  .git/objects/52/69bcfa264d5719ed9f04c6c77255441dbedb8d
  .git/objects/55/39b09cd7b7d055dd56dd7587c9a0362a345403
  .git/objects/56/ba357b6a5679eba599bb02094642f3c95ebac7
  .git/objects/58/5b0bddba878b95acc961fc5c0c55c3ea2e75db
  .git/objects/58/e1c0cf663c0ecb0ff2a9dd87cc9c2de5432bb2
  .git/objects/59/baf7f376f9648b4d58fd690d842e724f731346
  .git/objects/5a/4617f3077b0c8d63b07b3318cc096c1d09609a
  .git/objects/5a/79ed1523eff7d73a5b9847cfa0f0d1daa36a02
  .git/objects/5b/01d3b093e7845ca24ab0e352ba2f4046e47c77
  .git/objects/5b/2c4848e67ae91bcad33c08ca0e0926c2fa59fd
  .git/objects/5b/fdc131112fbe683fea42b80b89b615c8a65b64
  .git/objects/5c/29df6401c38f443ee929cd6673ab098dd4692c
  .git/objects/5c/ee326aa7172e791667c9aa0e587ee6bf39820e
  .git/objects/5e/1b0131578ee69a7baf51b1354abdbb35bf5462
  .git/objects/5f/e3670e1e19f4f1a15c0a5ccb51219fe1ca0de0
  .git/objects/5f/e6ef09648609cfc5afbcd721485aaae8a4b603
  .git/objects/60/85601a0540cb89b280feb17afa740875312851
  .git/objects/66/c25398dd9090905e37aa2d48bb2d77a0ac6255
  .git/objects/68/229c08d7981f4539dfe77896652225f382043d
  .git/objects/6e/da9212ced9fa74acb8907eeefdacaeeef0cce3
  .git/objects/6f/62634bcbefc593cd6ab375c0cd0d7b4604347e
  .git/objects/6f/adfe15d87f865abe1895e33a6fe9626cbde2de
  .git/objects/71/386d1da9b8ea49b1b068e1660c58f1c31613a5
  .git/objects/71/67ae4bb87455b32c3ba9e4ce37a7949e1d4464
  .git/objects/71/c52db52f85278091ab3e2e3b3a485e35aca090
  .git/objects/73/b51b0051fde39af27dc67a5d93162edfc21b2b
  .git/objects/76/c99f740b032e5bb9220d58eec79f834e7ffa7d
  .git/objects/77/a96ea284c3cdfc1582821fd020ed18d2cb2053
  .git/objects/7b/6ae22e6c7e1c8f8daa2a16ce7e48af6d496fbc
  .git/objects/7f/a6958d0ae4f57e09b6d023515346f1224838ba
  .git/objects/80/0a8a7e3442f80bf00fa383c2a4ab1a27bed8e0
  .git/objects/82/adef87ed6249c08f56a431c6b3550367cfabb8
  .git/objects/83/8446f92a698782d181011d26fcc6404a92bfcd
  .git/objects/84/07e2d72b3423c7e1c9148c5d4e1f1b9c9b6821
  .git/objects/84/108b65947aac7f1c5778f74baf295f75c168e8
  .git/objects/84/af809be278e448770f2fc6754ee3020439a45c
  .git/objects/86/501ee8cf55c03bbaf3da36d68703af103239a5
  .git/objects/86/84981911afff5ada2ab309088eb42314eae82b
  .git/objects/87/a40ca716dad71fa07307fc4db974ad992efcf2
  .git/objects/8d/b9c8b01bb5deda003653e037a558705a8071b0
  .git/objects/91/114bf2f2bba5e0c5252e75018da19b869776f1
  .git/objects/91/cc2e888fc2c4247b939d9c4ac1f5bcfe5b3088
  .git/objects/92/be0d5a23b0ec09c6beb330fee4fc49f75beead
  .git/objects/95/9683a9f3edc180aa1288050a12d667212c6773
  .git/objects/96/bdc3da74e6898e53b6b1412e5c6660588c7a69
  .git/objects/9a/1bf5462f0325394830a3c72aed1e2c3085c1bb
  .git/objects/9a/ced60cd94ddec6ba3bd336eded769ab9216e50
  .git/objects/9b/113870eed5f42e1da10d2eaebec7cc2280f329
  .git/objects/9b/ef5366a25ee91593587a4a2864d37bae744c8e
  .git/objects/9d/e183a63f3680e0c911020ad70d52baf4b0713f
  .git/objects/9f/40aad3f60c96176a6dac320208508632cc770d
  .git/objects/a0/02fc4af7ebbc6e36017570b310a0c365adfff9
  .git/objects/a0/e34c257f9d942a64672c45aeff1214a77dc0c5
  .git/objects/a6/69f245fc2584224c5247acd24f8174053ddec7
  .git/objects/a7/c514162c6b438382ef25b2cacb8233ee36c571
  .git/objects/a9/752297cd8ddc8c5e7e821210154ab0c32a3a7d
  .git/objects/aa/197bbf1c5bf08ee9021263d129bc1c526b5d72
  .git/objects/aa/558cb5ba095fde46a0b8e0e0746529a68a7bd6
  .git/objects/ab/7a2b95571569165414f8c780b7517d11082357
  .git/objects/ac/570dc1051ec07bf2ffb69f119ef56abd70478d
  .git/objects/ad/fc937f230279c91a8e4de597843cfb9547ad4e
  .git/objects/b5/1e06533fdb1cb7dcacb8aa8afa590328813d33
  .git/objects/b7/41ec606b360cc8db5ac9748939a037281c0944
  .git/objects/b7/954269e362a6e24941bc470effbce3475909d0
  .git/objects/ba/a931be0e0f3857ae0fd65649ff4c03e1a4723a
  .git/objects/bc/4dbcab6895725b1d879c98bfa114bb2608d706
  .git/objects/bd/6fc4a0d14dd0af66d5e21fa97dffe980310d9c
  .git/objects/be/bd0d6cb70c9f5e6548c5b14eeb0bdcb38e8236
  .git/objects/bf/e4087819d481a2fa4867c6da3673dbe056aff1
  .git/objects/c0/8eb6ce40d5167ed35b3e76795e6e6a558d0938
  .git/objects/c2/c94b480821b4b64b048ad72ad35e54ebf088e8
  .git/objects/c4/5112ee5e32e484f2440fdccdc07c2be57c9fd7
  .git/objects/c6/a6452d249f902a80b0775bf01352cbca6f284b
  .git/objects/c7/4b80f5857917ed1d38a82eb7e02dc7551e90aa
  .git/objects/c9/e5c540daa81be623d601e0ed30be2382f6e187
  .git/objects/ca/e571b222d9089f1ba0f4435c9263cea9869c92
  .git/objects/cd/20492a001bfbfa0c749dcab85892592738efbe
  .git/objects/ce/edfb089989c62776150e0ec257678a1febdf4a
  .git/objects/cf/0fef08a42e64d4f9dbc8c72336a393447dbf98
  .git/objects/d1/8d4099fb6896558808c55132823438a5e02603
  .git/objects/d1/de5fecd8132905f33ec8cf78a43d3494e3befc
  .git/objects/d3/9798da8e45936840f366c6067bb88f2e0846ca
  .git/objects/d6/4ec7882f210294f03b6b005888a30ec77ac6b9
  .git/objects/d6/7bb42120bc8ff40ddc0ce4b687ac9ff2285871
  .git/objects/d7/5f824ec6278db24891505b14ab3d915514dba7
  .git/objects/d8/42d165d62df3ad1389b394a2fe81f7dca96d06
  .git/objects/da/cf2e1861be0377092a7fb9a6779b11b837241f
  .git/objects/dc/30874fd5f077e1410ddf0bb6143a225804e601
  .git/objects/df/fe4742959339f8ab50d9dc8f85681adc8982ac
  .git/objects/e0/39de6f8a3fdcd6c4b1b2cec50d678e235b5944
  .git/objects/e1/79422a414248670a8e9c262df7e1f5ec00d089
  .git/objects/e3/5ce83b180f8c083a0ad57275ea8bc64ff8da27
  .git/objects/e4/50e1b9256a927111416c61b031e8975c92ccdf
  .git/objects/e6/d240a0cd8b87b3ecaf06b3f701bc66d3c05416
  .git/objects/e6/d7b407f9ada8969c65d6ae31cdf8b8fa01c6de
  .git/objects/ec/ca5b6d7d4ff3ee87fc4d266b5c0ed1a04196b7
  .git/objects/ed/47e93c62b1a638964e3736a471b9517e171126
  .git/objects/ee/74686a7760c1aa899e93d54f7692e8d409c1ad
  .git/objects/f0/7c5a71aba8ec234373774e428f3cfd46feaad8
  .git/objects/f2/53824da18d29de4e57dbd1de95965407c7fbb7
  .git/objects/f2/7a7591db4be898aed0a1dcc74ab324495627d4
  .git/objects/f2/e66127a0b6e7d06a8075558061a96eb2dbdf45
  .git/objects/f6/1e8fd1968c8f76c88ce38c659d68de97ec1ba6
  .git/objects/f6/2946d0cbe5a05b1ed10092c731b2f3f9108759
  .git/objects/f6/de96dd81081b63561f0b0e6db274183edda6ac
  .git/objects/f7/65ad78c684973a9665395aadc9fa372f8e6b93
  .git/objects/fa/62105e87ad1c029fe429bf66ec5116bf63fe54
  .git/objects/fe/8164a3a8a1b75747c463eeb1b822b9c8bf584c
  .git/objects/fe/891f05e006da87acc50058e9ba8f7cef4f4ac5
Source packages should not contain undeclared executable files.
See section ‘Package structure’ in the ‘Writing R Extensions’ manual.
* checking for hidden files and directories ... NOTE
Found the following hidden files and directories:
  .DS_Store
  .RData
  .Rhistory
  .gitignore
  examples/.DS_Store
  ..Rcheck
  .Rproj.user
  .git
These were most likely included in error. See section ‘Package
structure’ in the ‘Writing R Extensions’ manual.
* checking for portable file names ... OK
* checking for sufficient/correct file permissions ... OK
* checking whether package ‘Rforecastio’ can be installed ... ERROR
Installation failed.
See ‘/Users/bob/Desktop/r/Rforecastio/..Rcheck/00install.out’ for details.
